[ 2017-04-01T12:45:40+08:00 ] ::1 /
INFO: [ app_init ] --START--
INFO: Run Behavior\BuildLiteBehavior [ RunTime:0.000000s ]
INFO: [ app_init ] --END-- [ RunTime:0.016001s ]
INFO: [ app_begin ] --START--
INFO: Run Behavior\ReadHtmlCacheBehavior [ RunTime:0.001000s ]
INFO: [ app_begin ] --END-- [ RunTime:0.001000s ]
SQL: SHOW COLUMNS FROM `web_admin` [ RunTime:0.0020s ]
SQL: SELECT * FROM `web_admin` WHERE ( AdminID > 15 )  [ RunTime:0.0010s ]
NOTIC: [8] Use of undefined constant __USER__ - assumed '__USER__' E:\WWW\YCPX20161220\WeiMeiJuHuiWeb\Application\Home\Controller\IndexController.class.php 第 20 行.
SQL: SHOW COLUMNS FROM `test`.`web_admin` [ RunTime:0.0010s ]
SQL: SELECT * FROM test.web_admin  [ RunTime:0.0010s ]
SQL: SHOW COLUMNS FROM `web_admin` [ RunTime:0.0010s ]
SQL: SELECT * FROM `web_admin`  [ RunTime:0.0010s ]
SQL: SHOW COLUMNS FROM `web_admin` [ RunTime:0.0010s ]
SQL: SELECT * FROM `web_admin`  [ RunTime:0.0000s ]
NOTIC: [8] Use of undefined constant __USER__ - assumed '__USER__' E:\WWW\YCPX20161220\WeiMeiJuHuiWeb\Application\Home\Model\AdminModel.class.php 第 14 行.
SQL: SHOW COLUMNS FROM `web_admin` [ RunTime:0.0010s ]
SQL: SELECT * FROM `web_admin`  [ RunTime:0.0000s ]
SQL: SHOW COLUMNS FROM `web_admin` [ RunTime:0.0010s ]
SQL: SELECT a.AdminID,a.AdminName,m.MemberID,m.MemberName FROM web_admin as a,web_member as m WHERE ( a.AdminID>15 ) LIMIT 10   [ RunTime:0.4350s ]
SQL: SELECT * FROM web_admin a left join web_member m on a.AdminID=m.MemberID   [ RunTime:0.0020s ]
SQL: UPDATE `web_admin` SET `AdminName`='BBB',`AdminPwd`='654321' WHERE `AdminID` = 11 [ RunTime:0.0020s ]
SQL: SELECT * FROM `web_admin` LIMIT 1   [ RunTime:0.0010s ]
SQL: SELECT `AdminID`,`AdminName` FROM `web_admin` WHERE ( AdminID>43 ) UNION select AdminID,AdminName from web_member where AdminID>19 [ RunTime:0.0020s ]
NOTIC: [8] unserialize(): Error at offset 108 of 123 bytes E:\WWW\YCPX20161220\WeiMeiJuHuiWeb\ThinkPHP\Library\Think\Cache\Driver\File.class.php 第 104 行.
SQL: SELECT * FROM `web_admin` WHERE ( AdminID=11 ) LIMIT 1   [ RunTime:0.0060s ]
INFO: [ view_parse ] --START--
INFO: Run Behavior\ParseTemplateBehavior [ RunTime:0.007000s ]
INFO: [ view_parse ] --END-- [ RunTime:0.007000s ]
INFO: [ view_filter ] --START--
INFO: Run Behavior\WriteHtmlCacheBehavior [ RunTime:0.005000s ]
INFO: [ view_filter ] --END-- [ RunTime:0.005000s ]
NOTIC: [2] Cannot modify header information - headers already sent by (output started at E:\WWW\YCPX20161220\WeiMeiJuHuiWeb\ThinkPHP\Common\functions.php:850) E:\WWW\YCPX20161220\WeiMeiJuHuiWeb\ThinkPHP\Library\Think\View.class.php 第 91 行.
NOTIC: [2] Cannot modify header information - headers already sent by (output started at E:\WWW\YCPX20161220\WeiMeiJuHuiWeb\ThinkPHP\Common\functions.php:850) E:\WWW\YCPX20161220\WeiMeiJuHuiWeb\ThinkPHP\Library\Think\View.class.php 第 92 行.
NOTIC: [2] Cannot modify header information - headers already sent by (output started at E:\WWW\YCPX20161220\WeiMeiJuHuiWeb\ThinkPHP\Common\functions.php:850) E:\WWW\YCPX20161220\WeiMeiJuHuiWeb\ThinkPHP\Library\Think\View.class.php 第 93 行.
INFO: [ app_end ] --START--
INFO: Run Behavior\ShowPageTraceBehavior [ RunTime:0.009001s ]
INFO: [ app_end ] --END-- [ RunTime:0.009001s ]

